<?xml version="1.0" encoding="UTF-8"?>
<!-- Generated by org.testng.reporters.JUnitXMLReporter -->
<testsuite hostname="Adalah-Laptop" name="Default test" tests="4" failures="0" timestamp="4 Jun 2018 04:55:42 GMT" time="179.219" errors="0">
  <testcase name="feature" time="28.283" classname="com.revature.runners.TestNGRunner"/>
  <testcase name="feature" time="97.275" classname="com.revature.runners.TestNGRunner"/>
  <testcase name="feature" time="37.773" classname="com.revature.runners.TestNGRunner"/>
  <testcase name="feature" time="15.58" classname="com.revature.runners.TestNGRunner"/>
</testsuite> <!-- Default test -->
