<?xml version="1.0" encoding="UTF-8"?>
<testng-results skipped="0" failed="0" ignored="0" total="1" passed="1">
  <reporter-output>
  </reporter-output>
  <suite name="Default Suite" duration-ms="11195" started-at="2018-06-03T18:23:51Z" finished-at="2018-06-03T18:24:02Z">
    <groups>
      <group name="cucumber">
        <method signature="AbstractTestNGCucumberTests.feature(cucumber.api.testng.CucumberFeatureWrapper)[pri:0, instance:com.revature.testNG.runner.TestNGRunner@38082d64]" name="feature" class="cucumber.api.testng.AbstractTestNGCucumberTests"/>
      </group> <!-- cucumber -->
    </groups>
    <test name="HighestCaliber" duration-ms="11195" started-at="2018-06-03T18:23:51Z" finished-at="2018-06-03T18:24:02Z">
      <class name="com.revature.testNG.runner.TestNGRunner">
        <test-method status="PASS" signature="setUpClass()[pri:0, instance:com.revature.testNG.runner.TestNGRunner@38082d64]" name="setUpClass" is-config="true" duration-ms="364" started-at="2018-06-03T18:23:51Z" finished-at="2018-06-03T18:23:51Z">
          <reporter-output>
          </reporter-output>
        </test-method> <!-- setUpClass -->
        <test-method status="PASS" signature="feature(cucumber.api.testng.CucumberFeatureWrapper)[pri:0, instance:com.revature.testNG.runner.TestNGRunner@38082d64]" name="feature" duration-ms="10669" started-at="2018-06-03T18:23:52Z" description="Runs Cucumber Feature" data-provider="features" finished-at="2018-06-03T18:24:02Z">
          <params>
            <param index="0">
              <value>
                <![CDATA[Visit Caliber website]]>
              </value>
            </param>
          </params>
          <reporter-output>
          </reporter-output>
        </test-method> <!-- feature -->
        <test-method status="PASS" signature="tearDownClass()[pri:0, instance:com.revature.testNG.runner.TestNGRunner@38082d64]" name="tearDownClass" is-config="true" duration-ms="3" started-at="2018-06-03T18:24:02Z" finished-at="2018-06-03T18:24:02Z">
          <reporter-output>
          </reporter-output>
        </test-method> <!-- tearDownClass -->
      </class> <!-- com.revature.testNG.runner.TestNGRunner -->
    </test> <!-- HighestCaliber -->
  </suite> <!-- Default Suite -->
</testng-results>
