<?xml version="1.0" encoding="UTF-8"?>
<testng-results skipped="0" failed="0" total="4" passed="4">
  <reporter-output>
  </reporter-output>
  <suite name="CaliberTest" duration-ms="183627" started-at="2018-06-04T15:34:33Z" finished-at="2018-06-04T15:37:37Z">
    <groups>
      <group name="cucumber">
        <method signature="AbstractTestNGCucumberTests.feature(cucumber.api.testng.CucumberFeatureWrapper)[pri:0, instance:com.revature.runners.TestNGRunner@598067a5]" name="feature" class="cucumber.api.testng.AbstractTestNGCucumberTests"/>
      </group> <!-- cucumber -->
    </groups>
    <test name="Caliber Testing" duration-ms="183627" started-at="2018-06-04T15:34:33Z" finished-at="2018-06-04T15:37:37Z">
      <class name="com.revature.runners.TestNGRunner">
        <test-method status="PASS" signature="setUpClass()[pri:0, instance:com.revature.runners.TestNGRunner@598067a5]" name="setUpClass" is-config="true" duration-ms="207" started-at="2018-06-04T11:34:33Z" finished-at="2018-06-04T11:34:34Z">
          <reporter-output>
          </reporter-output>
        </test-method> <!-- setUpClass -->
        <test-method status="PASS" signature="feature(cucumber.api.testng.CucumberFeatureWrapper)[pri:0, instance:com.revature.runners.TestNGRunner@598067a5]" name="feature" duration-ms="28019" started-at="2018-06-04T11:34:34Z" description="Runs Cucumber Feature" data-provider="features" finished-at="2018-06-04T11:35:02Z">
          <params>
            <param index="0">
              <value>
                <![CDATA[Test all links on the home page]]>
              </value>
            </param>
          </params>
          <reporter-output>
          </reporter-output>
        </test-method> <!-- feature -->
        <test-method status="PASS" signature="feature(cucumber.api.testng.CucumberFeatureWrapper)[pri:0, instance:com.revature.runners.TestNGRunner@598067a5]" name="feature" duration-ms="99789" started-at="2018-06-04T11:35:02Z" description="Runs Cucumber Feature" data-provider="features" finished-at="2018-06-04T11:36:41Z">
          <params>
            <param index="0">
              <value>
                <![CDATA[Test all the links on the manage batch page]]>
              </value>
            </param>
          </params>
          <reporter-output>
          </reporter-output>
        </test-method> <!-- feature -->
        <test-method status="PASS" signature="feature(cucumber.api.testng.CucumberFeatureWrapper)[pri:0, instance:com.revature.runners.TestNGRunner@598067a5]" name="feature" duration-ms="38797" started-at="2018-06-04T11:36:41Z" description="Runs Cucumber Feature" data-provider="features" finished-at="2018-06-04T11:37:20Z">
          <params>
            <param index="0">
              <value>
                <![CDATA[Test all links on the Assess Batch page]]>
              </value>
            </param>
          </params>
          <reporter-output>
          </reporter-output>
        </test-method> <!-- feature -->
        <test-method status="PASS" signature="feature(cucumber.api.testng.CucumberFeatureWrapper)[pri:0, instance:com.revature.runners.TestNGRunner@598067a5]" name="feature" duration-ms="16703" started-at="2018-06-04T11:37:20Z" description="Runs Cucumber Feature" data-provider="features" finished-at="2018-06-04T11:37:37Z">
          <params>
            <param index="0">
              <value>
                <![CDATA[Test all the links on the reports page]]>
              </value>
            </param>
          </params>
          <reporter-output>
          </reporter-output>
        </test-method> <!-- feature -->
        <test-method status="PASS" signature="tearDownClass()[pri:0, instance:com.revature.runners.TestNGRunner@598067a5]" name="tearDownClass" is-config="true" duration-ms="25" started-at="2018-06-04T11:37:37Z" finished-at="2018-06-04T11:37:37Z">
          <reporter-output>
          </reporter-output>
        </test-method> <!-- tearDownClass -->
      </class> <!-- com.revature.runners.TestNGRunner -->
    </test> <!-- Caliber Testing -->
  </suite> <!-- CaliberTest -->
</testng-results>
